2015/06/20 14:09:38 [error] [php] Use of undefined constant Username - assumed 'Username' (C:\xampp\htdocs\all2sale-admin\protected\views\layouts\NavBarTop.php:30)
Stack trace:
#0 C:\xampp\htdocs\yii-1-16\framework\web\CBaseController.php(95): SiteController->renderInternal()
#1 C:\xampp\htdocs\yii-1-16\framework\web\widgets\CContentDecorator.php(76): SiteController->renderFile()
#2 C:\xampp\htdocs\yii-1-16\framework\web\widgets\CContentDecorator.php(54): CContentDecorator->decorate()
#3 C:\xampp\htdocs\yii-1-16\framework\web\widgets\COutputProcessor.php(44): CContentDecorator->processOutput()
#4 C:\xampp\htdocs\yii-1-16\framework\web\CBaseController.php(214): CContentDecorator->run()
#5 C:\xampp\htdocs\yii-1-16\framework\web\CBaseController.php(308): SiteController->endWidget()
#6 C:\xampp\htdocs\all2sale-admin\protected\views\layouts\column1.php(6): SiteController->endContent()
#7 C:\xampp\htdocs\yii-1-16\framework\web\CBaseController.php(126): require()
#8 C:\xampp\htdocs\yii-1-16\framework\web\CBaseController.php(95): SiteController->renderInternal()
#9 C:\xampp\htdocs\yii-1-16\framework\web\CController.php(784): SiteController->renderFile()
#10 C:\xampp\htdocs\all2sale-admin\protected\controllers\SiteController.php(32): SiteController->render()
#11 C:\xampp\htdocs\yii-1-16\framework\web\actions\CInlineAction.php(49): SiteController->actionIndex()
#12 C:\xampp\htdocs\yii-1-16\framework\web\CController.php(308): CInlineAction->runWithParams()
#13 C:\xampp\htdocs\yii-1-16\framework\web\CController.php(286): SiteController->runAction()
#14 C:\xampp\htdocs\yii-1-16\framework\web\CController.php(265): SiteController->runActionWithFilters()
#15 C:\xampp\htdocs\yii-1-16\framework\web\CWebApplication.php(282): SiteController->run()
#16 C:\xampp\htdocs\yii-1-16\framework\web\CWebApplication.php(141): CWebApplication->runController()
#17 C:\xampp\htdocs\yii-1-16\framework\base\CApplication.php(184): CWebApplication->processRequest()
#18 C:\xampp\htdocs\all2sale-admin\index-test.php(15): CWebApplication->run()
REQUEST_URI=/all2sale-admin/index-test.php
2015/06/20 14:26:35 [error] [exception.CException] exception 'CException' with message 'Property "CWebUser.role" is not defined.' in C:\xampp\htdocs\yii-1-16\framework\base\CComponent.php:130
Stack trace:
#0 C:\xampp\htdocs\yii-1-16\framework\web\auth\CWebUser.php(146): CComponent->__get('role')
#1 C:\xampp\htdocs\all2sale-admin\protected\views\layouts\NavBarTop.php(29): CWebUser->__get('role')
#2 C:\xampp\htdocs\all2sale-admin\protected\views\layouts\main.php(27): include_once('C:\\xampp\\htdocs...')
#3 C:\xampp\htdocs\yii-1-16\framework\web\CBaseController.php(126): require('C:\\xampp\\htdocs...')
#4 C:\xampp\htdocs\yii-1-16\framework\web\CBaseController.php(95): CBaseController->renderInternal('C:\\xampp\\htdocs...', Array, true)
#5 C:\xampp\htdocs\yii-1-16\framework\web\widgets\CContentDecorator.php(76): CBaseController->renderFile('C:\\xampp\\htdocs...', Array, true)
#6 C:\xampp\htdocs\yii-1-16\framework\web\widgets\CContentDecorator.php(54): CContentDecorator->decorate('<div id="conten...')
#7 C:\xampp\htdocs\yii-1-16\framework\web\widgets\COutputProcessor.php(44): CContentDecorator->processOutput('<div id="conten...')
#8 C:\xampp\htdocs\yii-1-16\framework\web\CBaseController.php(214): COutputProcessor->run()
#9 C:\xampp\htdocs\yii-1-16\framework\web\CBaseController.php(308): CBaseController->endWidget('CContentDecorat...')
#10 C:\xampp\htdocs\all2sale-admin\protected\views\layouts\column1.php(6): CBaseController->endContent()
#11 C:\xampp\htdocs\yii-1-16\framework\web\CBaseController.php(126): require('C:\\xampp\\htdocs...')
#12 C:\xampp\htdocs\yii-1-16\framework\web\CBaseController.php(95): CBaseController->renderInternal('C:\\xampp\\htdocs...', Array, true)
#13 C:\xampp\htdocs\yii-1-16\framework\web\CController.php(784): CBaseController->renderFile('C:\\xampp\\htdocs...', Array, true)
#14 C:\xampp\htdocs\all2sale-admin\protected\controllers\SiteController.php(32): CController->render('index')
#15 C:\xampp\htdocs\yii-1-16\framework\web\actions\CInlineAction.php(49): SiteController->actionIndex()
#16 C:\xampp\htdocs\yii-1-16\framework\web\CController.php(308): CInlineAction->runWithParams(Array)
#17 C:\xampp\htdocs\yii-1-16\framework\web\CController.php(286): CController->runAction(Object(CInlineAction))
#18 C:\xampp\htdocs\yii-1-16\framework\web\CController.php(265): CController->runActionWithFilters(Object(CInlineAction), Array)
#19 C:\xampp\htdocs\yii-1-16\framework\web\CWebApplication.php(282): CController->run('')
#20 C:\xampp\htdocs\yii-1-16\framework\web\CWebApplication.php(141): CWebApplication->runController('')
#21 C:\xampp\htdocs\yii-1-16\framework\base\CApplication.php(184): CWebApplication->processRequest()
#22 C:\xampp\htdocs\all2sale-admin\index-test.php(15): CApplication->run()
#23 {main}
REQUEST_URI=/all2sale-admin/index-test.php
---
2015/06/20 15:25:39 [error] [php] Object of class CWebUser could not be converted to string (C:\xampp\htdocs\all2sale-admin\protected\views\site\index.php:10)
Stack trace:
#0 C:\xampp\htdocs\yii-1-16\framework\web\CController.php(869): SiteController->renderFile()
#1 C:\xampp\htdocs\yii-1-16\framework\web\CController.php(782): SiteController->renderPartial()
#2 C:\xampp\htdocs\all2sale-admin\protected\controllers\SiteController.php(32): SiteController->render()
#3 C:\xampp\htdocs\yii-1-16\framework\web\actions\CInlineAction.php(49): SiteController->actionIndex()
#4 C:\xampp\htdocs\yii-1-16\framework\web\CController.php(308): CInlineAction->runWithParams()
#5 C:\xampp\htdocs\yii-1-16\framework\web\CController.php(286): SiteController->runAction()
#6 C:\xampp\htdocs\yii-1-16\framework\web\CController.php(265): SiteController->runActionWithFilters()
#7 C:\xampp\htdocs\yii-1-16\framework\web\CWebApplication.php(282): SiteController->run()
#8 C:\xampp\htdocs\yii-1-16\framework\web\CWebApplication.php(141): CWebApplication->runController()
#9 C:\xampp\htdocs\yii-1-16\framework\base\CApplication.php(184): CWebApplication->processRequest()
#10 C:\xampp\htdocs\all2sale-admin\index-test.php(15): CWebApplication->run()
REQUEST_URI=/all2sale-admin/index-test.php
2015/06/20 15:30:09 [error] [exception.CHttpException.404] exception 'CHttpException' with message 'Unable to resolve the request "admin/index".' in C:\xampp\htdocs\yii-1-16\framework\web\CWebApplication.php:286
Stack trace:
#0 C:\xampp\htdocs\yii-1-16\framework\web\CWebApplication.php(141): CWebApplication->runController('admin/index')
#1 C:\xampp\htdocs\yii-1-16\framework\base\CApplication.php(184): CWebApplication->processRequest()
#2 C:\xampp\htdocs\all2sale-admin\index.php(13): CApplication->run()
#3 {main}
REQUEST_URI=/all2sale-admin/index.php?r=admin/index
HTTP_REFERER=http://localhost:8888/all2sale-admin/index-test.php
---
2015/06/20 15:30:18 [error] [exception.CHttpException.404] exception 'CHttpException' with message 'Unable to resolve the request "home/index".' in C:\xampp\htdocs\yii-1-16\framework\web\CWebApplication.php:286
Stack trace:
#0 C:\xampp\htdocs\yii-1-16\framework\web\CWebApplication.php(141): CWebApplication->runController('home/index')
#1 C:\xampp\htdocs\yii-1-16\framework\base\CApplication.php(184): CWebApplication->processRequest()
#2 C:\xampp\htdocs\all2sale-admin\index.php(13): CApplication->run()
#3 {main}
REQUEST_URI=/all2sale-admin/index.php?r=home/index
---
2015/06/20 15:30:26 [error] [exception.CHttpException.404] exception 'CHttpException' with message 'Unable to resolve the request "homecontroller/index".' in C:\xampp\htdocs\yii-1-16\framework\web\CWebApplication.php:286
Stack trace:
#0 C:\xampp\htdocs\yii-1-16\framework\web\CWebApplication.php(141): CWebApplication->runController('homecontroller/...')
#1 C:\xampp\htdocs\yii-1-16\framework\base\CApplication.php(184): CWebApplication->processRequest()
#2 C:\xampp\htdocs\all2sale-admin\index.php(13): CApplication->run()
#3 {main}
REQUEST_URI=/all2sale-admin/index.php?r=homecontroller/index
---
2015/06/20 15:30:28 [error] [exception.CHttpException.404] exception 'CHttpException' with message 'Unable to resolve the request "home/index".' in C:\xampp\htdocs\yii-1-16\framework\web\CWebApplication.php:286
Stack trace:
#0 C:\xampp\htdocs\yii-1-16\framework\web\CWebApplication.php(141): CWebApplication->runController('home/index')
#1 C:\xampp\htdocs\yii-1-16\framework\base\CApplication.php(184): CWebApplication->processRequest()
#2 C:\xampp\htdocs\all2sale-admin\index.php(13): CApplication->run()
#3 {main}
REQUEST_URI=/all2sale-admin/index.php?r=home/index
HTTP_REFERER=http://localhost:8888/all2sale-admin/index.php?r=homecontroller/index
---
2015/06/20 15:30:30 [error] [exception.CHttpException.404] exception 'CHttpException' with message 'Unable to resolve the request "home/index".' in C:\xampp\htdocs\yii-1-16\framework\web\CWebApplication.php:286
Stack trace:
#0 C:\xampp\htdocs\yii-1-16\framework\web\CWebApplication.php(141): CWebApplication->runController('home/index')
#1 C:\xampp\htdocs\yii-1-16\framework\base\CApplication.php(184): CWebApplication->processRequest()
#2 C:\xampp\htdocs\all2sale-admin\index.php(13): CApplication->run()
#3 {main}
REQUEST_URI=/all2sale-admin/index.php?r=home/index
HTTP_REFERER=http://localhost:8888/all2sale-admin/index.php?r=home/index
---
2015/06/20 15:30:31 [error] [exception.CHttpException.404] exception 'CHttpException' with message 'Unable to resolve the request "home/index".' in C:\xampp\htdocs\yii-1-16\framework\web\CWebApplication.php:286
Stack trace:
#0 C:\xampp\htdocs\yii-1-16\framework\web\CWebApplication.php(141): CWebApplication->runController('home/index')
#1 C:\xampp\htdocs\yii-1-16\framework\base\CApplication.php(184): CWebApplication->processRequest()
#2 C:\xampp\htdocs\all2sale-admin\index.php(13): CApplication->run()
#3 {main}
REQUEST_URI=/all2sale-admin/index.php?r=home/index
HTTP_REFERER=http://localhost:8888/all2sale-admin/index.php?r=home/index
---
2015/06/20 15:30:32 [error] [exception.CHttpException.404] exception 'CHttpException' with message 'Unable to resolve the request "home/index".' in C:\xampp\htdocs\yii-1-16\framework\web\CWebApplication.php:286
Stack trace:
#0 C:\xampp\htdocs\yii-1-16\framework\web\CWebApplication.php(141): CWebApplication->runController('home/index')
#1 C:\xampp\htdocs\yii-1-16\framework\base\CApplication.php(184): CWebApplication->processRequest()
#2 C:\xampp\htdocs\all2sale-admin\index.php(13): CApplication->run()
#3 {main}
REQUEST_URI=/all2sale-admin/index.php?r=home/index
HTTP_REFERER=http://localhost:8888/all2sale-admin/index.php?r=home/index
---
2015/06/20 15:33:39 [error] [exception.CHttpException.404] exception 'CHttpException' with message 'Unable to resolve the request "home/index".' in C:\xampp\htdocs\yii-1-16\framework\web\CWebApplication.php:286
Stack trace:
#0 C:\xampp\htdocs\yii-1-16\framework\web\CWebApplication.php(141): CWebApplication->runController('home/index')
#1 C:\xampp\htdocs\yii-1-16\framework\base\CApplication.php(184): CWebApplication->processRequest()
#2 C:\xampp\htdocs\all2sale-admin\index.php(13): CApplication->run()
#3 {main}
REQUEST_URI=/all2sale-admin/index.php?r=home/index
HTTP_REFERER=http://localhost:8888/all2sale-admin/index.php?r=home/index
---
2015/06/20 15:33:43 [error] [exception.CHttpException.404] exception 'CHttpException' with message 'Unable to resolve the request "home/index".' in C:\xampp\htdocs\yii-1-16\framework\web\CWebApplication.php:286
Stack trace:
#0 C:\xampp\htdocs\yii-1-16\framework\web\CWebApplication.php(141): CWebApplication->runController('home/index')
#1 C:\xampp\htdocs\yii-1-16\framework\base\CApplication.php(184): CWebApplication->processRequest()
#2 C:\xampp\htdocs\all2sale-admin\index.php(13): CApplication->run()
#3 {main}
REQUEST_URI=/all2sale-admin/index.php?r=home/index
HTTP_REFERER=http://localhost:8888/all2sale-admin/index.php?r=home/index
---
2015/06/20 15:33:47 [error] [exception.CHttpException.404] exception 'CHttpException' with message 'Unable to resolve the request "home/index".' in C:\xampp\htdocs\yii-1-16\framework\web\CWebApplication.php:286
Stack trace:
#0 C:\xampp\htdocs\yii-1-16\framework\web\CWebApplication.php(141): CWebApplication->runController('home/index')
#1 C:\xampp\htdocs\yii-1-16\framework\base\CApplication.php(184): CWebApplication->processRequest()
#2 C:\xampp\htdocs\all2sale-admin\index.php(13): CApplication->run()
#3 {main}
REQUEST_URI=/all2sale-admin/index.php?r=home/index
HTTP_REFERER=http://localhost:8888/all2sale-admin/index.php?r=home/index
---
2015/06/20 15:34:34 [error] [exception.CHttpException.404] exception 'CHttpException' with message 'Unable to resolve the request "home/index".' in C:\xampp\htdocs\yii-1-16\framework\web\CWebApplication.php:286
Stack trace:
#0 C:\xampp\htdocs\yii-1-16\framework\web\CWebApplication.php(141): CWebApplication->runController('home/index')
#1 C:\xampp\htdocs\yii-1-16\framework\base\CApplication.php(184): CWebApplication->processRequest()
#2 C:\xampp\htdocs\all2sale-admin\index.php(13): CApplication->run()
#3 {main}
REQUEST_URI=/all2sale-admin/index.php?r=home/index
HTTP_REFERER=http://localhost:8888/all2sale-admin/index.php?r=home/index
---
2015/06/20 15:34:42 [error] [exception.CHttpException.404] exception 'CHttpException' with message 'Unable to resolve the request "home/index".' in C:\xampp\htdocs\yii-1-16\framework\web\CWebApplication.php:286
Stack trace:
#0 C:\xampp\htdocs\yii-1-16\framework\web\CWebApplication.php(141): CWebApplication->runController('home/index')
#1 C:\xampp\htdocs\yii-1-16\framework\base\CApplication.php(184): CWebApplication->processRequest()
#2 C:\xampp\htdocs\all2sale-admin\index.php(13): CApplication->run()
#3 {main}
REQUEST_URI=/all2sale-admin/index.php?r=home/index
HTTP_REFERER=http://localhost:8888/all2sale-admin/index.php?r=home/index
---
2015/06/20 15:35:20 [error] [exception.CHttpException.404] exception 'CHttpException' with message 'Unable to resolve the request "home/index".' in C:\xampp\htdocs\yii-1-16\framework\web\CWebApplication.php:286
Stack trace:
#0 C:\xampp\htdocs\yii-1-16\framework\web\CWebApplication.php(141): CWebApplication->runController('home/index')
#1 C:\xampp\htdocs\yii-1-16\framework\base\CApplication.php(184): CWebApplication->processRequest()
#2 C:\xampp\htdocs\all2sale-admin\index.php(13): CApplication->run()
#3 {main}
REQUEST_URI=/all2sale-admin/index.php?r=home/index
HTTP_REFERER=http://localhost:8888/all2sale-admin/index.php?r=home/index
---
2015/06/20 15:37:17 [error] [exception.CHttpException.404] exception 'CHttpException' with message 'Unable to resolve the request "home/index".' in C:\xampp\htdocs\yii-1-16\framework\web\CWebApplication.php:286
Stack trace:
#0 C:\xampp\htdocs\yii-1-16\framework\web\CWebApplication.php(141): CWebApplication->runController('home/index')
#1 C:\xampp\htdocs\yii-1-16\framework\base\CApplication.php(184): CWebApplication->processRequest()
#2 C:\xampp\htdocs\all2sale-admin\index.php(13): CApplication->run()
#3 {main}
REQUEST_URI=/all2sale-admin/index.php?r=home/index
HTTP_REFERER=http://localhost:8888/all2sale-admin/index.php?r=home/index
---
2015/06/20 15:37:24 [error] [exception.CHttpException.404] exception 'CHttpException' with message 'Unable to resolve the request "home/index".' in C:\xampp\htdocs\yii-1-16\framework\web\CWebApplication.php:286
Stack trace:
#0 C:\xampp\htdocs\yii-1-16\framework\web\CWebApplication.php(141): CWebApplication->runController('home/index')
#1 C:\xampp\htdocs\yii-1-16\framework\base\CApplication.php(184): CWebApplication->processRequest()
#2 C:\xampp\htdocs\all2sale-admin\index.php(13): CApplication->run()
#3 {main}
REQUEST_URI=/all2sale-admin/index.php?r=home/index
HTTP_REFERER=http://localhost:8888/all2sale-admin/index.php?r=home/index
---
2015/06/20 15:37:29 [error] [exception.CHttpException.404] exception 'CHttpException' with message 'Unable to resolve the request "admin/index".' in C:\xampp\htdocs\yii-1-16\framework\web\CWebApplication.php:286
Stack trace:
#0 C:\xampp\htdocs\yii-1-16\framework\web\CWebApplication.php(141): CWebApplication->runController('admin/index')
#1 C:\xampp\htdocs\yii-1-16\framework\base\CApplication.php(184): CWebApplication->processRequest()
#2 C:\xampp\htdocs\all2sale-admin\index.php(13): CApplication->run()
#3 {main}
REQUEST_URI=/all2sale-admin/index.php?r=admin/index
HTTP_REFERER=http://localhost:8888/all2sale-admin/index.php
---
2015/06/20 15:40:08 [error] [exception.CHttpException.404] exception 'CHttpException' with message 'Unable to resolve the request "home/logout".' in C:\xampp\htdocs\yii-1-16\framework\web\CWebApplication.php:286
Stack trace:
#0 C:\xampp\htdocs\yii-1-16\framework\web\CWebApplication.php(141): CWebApplication->runController('home/logout')
#1 C:\xampp\htdocs\yii-1-16\framework\base\CApplication.php(184): CWebApplication->processRequest()
#2 C:\xampp\htdocs\all2sale-admin\index.php(13): CApplication->run()
#3 {main}
REQUEST_URI=/all2sale-admin/index.php?r=home/logout&id=
HTTP_REFERER=http://localhost:8888/all2sale-admin/index.php
---
2015/06/20 15:44:37 [error] [exception.CHttpException.404] exception 'CHttpException' with message 'Unable to resolve the request "cat/index".' in C:\xampp\htdocs\yii-1-16\framework\web\CWebApplication.php:286
Stack trace:
#0 C:\xampp\htdocs\yii-1-16\framework\web\CWebApplication.php(141): CWebApplication->runController('cat/index')
#1 C:\xampp\htdocs\yii-1-16\framework\base\CApplication.php(184): CWebApplication->processRequest()
#2 C:\xampp\htdocs\all2sale-admin\index.php(13): CApplication->run()
#3 {main}
REQUEST_URI=/all2sale-admin/index.php?r=cat/index
HTTP_REFERER=http://localhost:8888/all2sale-admin/index.php
---
2015/06/20 15:44:38 [error] [exception.CHttpException.404] exception 'CHttpException' with message 'Unable to resolve the request "shop/index".' in C:\xampp\htdocs\yii-1-16\framework\web\CWebApplication.php:286
Stack trace:
#0 C:\xampp\htdocs\yii-1-16\framework\web\CWebApplication.php(141): CWebApplication->runController('shop/index')
#1 C:\xampp\htdocs\yii-1-16\framework\base\CApplication.php(184): CWebApplication->processRequest()
#2 C:\xampp\htdocs\all2sale-admin\index.php(13): CApplication->run()
#3 {main}
REQUEST_URI=/all2sale-admin/index.php?r=shop/index
HTTP_REFERER=http://localhost:8888/all2sale-admin/index.php?r=cat/index
---
2015/06/20 15:44:38 [error] [exception.CHttpException.404] exception 'CHttpException' with message 'Unable to resolve the request "member/index".' in C:\xampp\htdocs\yii-1-16\framework\web\CWebApplication.php:286
Stack trace:
#0 C:\xampp\htdocs\yii-1-16\framework\web\CWebApplication.php(141): CWebApplication->runController('member/index')
#1 C:\xampp\htdocs\yii-1-16\framework\base\CApplication.php(184): CWebApplication->processRequest()
#2 C:\xampp\htdocs\all2sale-admin\index.php(13): CApplication->run()
#3 {main}
REQUEST_URI=/all2sale-admin/index.php?r=member/index
HTTP_REFERER=http://localhost:8888/all2sale-admin/index.php?r=shop/index
---
2015/06/20 15:44:39 [error] [exception.CHttpException.404] exception 'CHttpException' with message 'Unable to resolve the request "admin/index".' in C:\xampp\htdocs\yii-1-16\framework\web\CWebApplication.php:286
Stack trace:
#0 C:\xampp\htdocs\yii-1-16\framework\web\CWebApplication.php(141): CWebApplication->runController('admin/index')
#1 C:\xampp\htdocs\yii-1-16\framework\base\CApplication.php(184): CWebApplication->processRequest()
#2 C:\xampp\htdocs\all2sale-admin\index.php(13): CApplication->run()
#3 {main}
REQUEST_URI=/all2sale-admin/index.php?r=admin/index
HTTP_REFERER=http://localhost:8888/all2sale-admin/index.php?r=member/index
---
2015/06/20 15:45:36 [error] [exception.CHttpException.404] exception 'CHttpException' with message 'Unable to resolve the request "cat/index".' in C:\xampp\htdocs\yii-1-16\framework\web\CWebApplication.php:286
Stack trace:
#0 C:\xampp\htdocs\yii-1-16\framework\web\CWebApplication.php(141): CWebApplication->runController('cat/index')
#1 C:\xampp\htdocs\yii-1-16\framework\base\CApplication.php(184): CWebApplication->processRequest()
#2 C:\xampp\htdocs\all2sale-admin\index.php(13): CApplication->run()
#3 {main}
REQUEST_URI=/all2sale-admin/index.php?r=cat/index
HTTP_REFERER=http://localhost:8888/all2sale-admin/index.php
---
2015/06/20 15:45:37 [error] [exception.CHttpException.404] exception 'CHttpException' with message 'Unable to resolve the request "shop/index".' in C:\xampp\htdocs\yii-1-16\framework\web\CWebApplication.php:286
Stack trace:
#0 C:\xampp\htdocs\yii-1-16\framework\web\CWebApplication.php(141): CWebApplication->runController('shop/index')
#1 C:\xampp\htdocs\yii-1-16\framework\base\CApplication.php(184): CWebApplication->processRequest()
#2 C:\xampp\htdocs\all2sale-admin\index.php(13): CApplication->run()
#3 {main}
REQUEST_URI=/all2sale-admin/index.php?r=shop/index
HTTP_REFERER=http://localhost:8888/all2sale-admin/index.php?r=cat/index
---
2015/06/20 15:45:38 [error] [exception.CHttpException.404] exception 'CHttpException' with message 'Unable to resolve the request "member/index".' in C:\xampp\htdocs\yii-1-16\framework\web\CWebApplication.php:286
Stack trace:
#0 C:\xampp\htdocs\yii-1-16\framework\web\CWebApplication.php(141): CWebApplication->runController('member/index')
#1 C:\xampp\htdocs\yii-1-16\framework\base\CApplication.php(184): CWebApplication->processRequest()
#2 C:\xampp\htdocs\all2sale-admin\index.php(13): CApplication->run()
#3 {main}
REQUEST_URI=/all2sale-admin/index.php?r=member/index
HTTP_REFERER=http://localhost:8888/all2sale-admin/index.php?r=shop/index
---
2015/06/20 15:45:38 [error] [exception.CHttpException.404] exception 'CHttpException' with message 'Unable to resolve the request "admin/index".' in C:\xampp\htdocs\yii-1-16\framework\web\CWebApplication.php:286
Stack trace:
#0 C:\xampp\htdocs\yii-1-16\framework\web\CWebApplication.php(141): CWebApplication->runController('admin/index')
#1 C:\xampp\htdocs\yii-1-16\framework\base\CApplication.php(184): CWebApplication->processRequest()
#2 C:\xampp\htdocs\all2sale-admin\index.php(13): CApplication->run()
#3 {main}
REQUEST_URI=/all2sale-admin/index.php?r=admin/index
HTTP_REFERER=http://localhost:8888/all2sale-admin/index.php?r=member/index
---
2015/06/20 15:46:00 [error] [exception.CHttpException.404] exception 'CHttpException' with message 'Unable to resolve the request "admin/index".' in C:\xampp\htdocs\yii-1-16\framework\web\CWebApplication.php:286
Stack trace:
#0 C:\xampp\htdocs\yii-1-16\framework\web\CWebApplication.php(141): CWebApplication->runController('admin/index')
#1 C:\xampp\htdocs\yii-1-16\framework\base\CApplication.php(184): CWebApplication->processRequest()
#2 C:\xampp\htdocs\all2sale-admin\index.php(13): CApplication->run()
#3 {main}
REQUEST_URI=/all2sale-admin/index.php?r=admin/index
HTTP_REFERER=http://localhost:8888/all2sale-admin/index.php?r=member/index
---
2015/06/20 15:46:07 [error] [exception.CHttpException.404] exception 'CHttpException' with message 'Unable to resolve the request "admin/index".' in C:\xampp\htdocs\yii-1-16\framework\web\CWebApplication.php:286
Stack trace:
#0 C:\xampp\htdocs\yii-1-16\framework\web\CWebApplication.php(141): CWebApplication->runController('admin/index')
#1 C:\xampp\htdocs\yii-1-16\framework\base\CApplication.php(184): CWebApplication->processRequest()
#2 C:\xampp\htdocs\all2sale-admin\index.php(13): CApplication->run()
#3 {main}
REQUEST_URI=/all2sale-admin/index.php?r=admin/index
HTTP_REFERER=http://localhost:8888/all2sale-admin/index.php?r=member/index
---
2015/06/20 15:46:50 [error] [exception.CHttpException.404] exception 'CHttpException' with message 'Unable to resolve the request "admin/index".' in C:\xampp\htdocs\yii-1-16\framework\web\CWebApplication.php:286
Stack trace:
#0 C:\xampp\htdocs\yii-1-16\framework\web\CWebApplication.php(141): CWebApplication->runController('admin/index')
#1 C:\xampp\htdocs\yii-1-16\framework\base\CApplication.php(184): CWebApplication->processRequest()
#2 C:\xampp\htdocs\all2sale-admin\index.php(13): CApplication->run()
#3 {main}
REQUEST_URI=/all2sale-admin/index.php?r=admin/index
HTTP_REFERER=http://localhost:8888/all2sale-admin/index.php?r=member/index
---
2015/06/20 15:47:09 [error] [exception.CHttpException.404] exception 'CHttpException' with message 'Unable to resolve the request "admin/index".' in C:\xampp\htdocs\yii-1-16\framework\web\CWebApplication.php:286
Stack trace:
#0 C:\xampp\htdocs\yii-1-16\framework\web\CWebApplication.php(141): CWebApplication->runController('admin/index')
#1 C:\xampp\htdocs\yii-1-16\framework\base\CApplication.php(184): CWebApplication->processRequest()
#2 C:\xampp\htdocs\all2sale-admin\index.php(13): CApplication->run()
#3 {main}
REQUEST_URI=/all2sale-admin/index.php?r=admin/index
HTTP_REFERER=http://localhost:8888/all2sale-admin/index.php?r=member/index
---
2015/06/20 15:50:27 [error] [exception.CHttpException.404] exception 'CHttpException' with message 'Unable to resolve the request "admin/index".' in C:\xampp\htdocs\yii-1-16\framework\web\CWebApplication.php:286
Stack trace:
#0 C:\xampp\htdocs\yii-1-16\framework\web\CWebApplication.php(141): CWebApplication->runController('admin/index')
#1 C:\xampp\htdocs\yii-1-16\framework\base\CApplication.php(184): CWebApplication->processRequest()
#2 C:\xampp\htdocs\all2sale-admin\index.php(13): CApplication->run()
#3 {main}
REQUEST_URI=/all2sale-admin/index.php?r=admin/index
HTTP_REFERER=http://localhost:8888/all2sale-admin/index.php?r=member/index
---
2015/06/20 15:51:26 [error] [exception.CHttpException.404] exception 'CHttpException' with message 'Unable to resolve the request "admin/index".' in C:\xampp\htdocs\yii-1-16\framework\web\CWebApplication.php:286
Stack trace:
#0 C:\xampp\htdocs\yii-1-16\framework\web\CWebApplication.php(141): CWebApplication->runController('admin/index')
#1 C:\xampp\htdocs\yii-1-16\framework\base\CApplication.php(184): CWebApplication->processRequest()
#2 C:\xampp\htdocs\all2sale-admin\index.php(13): CApplication->run()
#3 {main}
REQUEST_URI=/all2sale-admin/index.php?r=admin/index
HTTP_REFERER=http://localhost:8888/all2sale-admin/index.php?r=member/index
---
2015/06/20 15:51:38 [error] [exception.CHttpException.404] exception 'CHttpException' with message 'Unable to resolve the request "admin/index".' in C:\xampp\htdocs\yii-1-16\framework\web\CWebApplication.php:286
Stack trace:
#0 C:\xampp\htdocs\yii-1-16\framework\web\CWebApplication.php(141): CWebApplication->runController('admin/index')
#1 C:\xampp\htdocs\yii-1-16\framework\base\CApplication.php(184): CWebApplication->processRequest()
#2 C:\xampp\htdocs\all2sale-admin\index.php(13): CApplication->run()
#3 {main}
REQUEST_URI=/all2sale-admin/index.php?r=admin/index
HTTP_REFERER=http://localhost:8888/all2sale-admin/index.php?r=member/index
---
2015/06/20 15:54:03 [error] [exception.CHttpException.404] exception 'CHttpException' with message 'Unable to resolve the request "admin/index".' in C:\xampp\htdocs\yii-1-16\framework\web\CWebApplication.php:286
Stack trace:
#0 C:\xampp\htdocs\yii-1-16\framework\web\CWebApplication.php(141): CWebApplication->runController('admin/index')
#1 C:\xampp\htdocs\yii-1-16\framework\base\CApplication.php(184): CWebApplication->processRequest()
#2 C:\xampp\htdocs\all2sale-admin\index.php(13): CApplication->run()
#3 {main}
REQUEST_URI=/all2sale-admin/index.php?r=admin/index
---
2015/06/20 15:56:03 [error] [exception.CHttpException.404] exception 'CHttpException' with message 'Unable to resolve the request "member/index".' in C:\xampp\htdocs\yii-1-16\framework\web\CWebApplication.php:286
Stack trace:
#0 C:\xampp\htdocs\yii-1-16\framework\web\CWebApplication.php(141): CWebApplication->runController('member/index')
#1 C:\xampp\htdocs\yii-1-16\framework\base\CApplication.php(184): CWebApplication->processRequest()
#2 C:\xampp\htdocs\all2sale-admin\index.php(13): CApplication->run()
#3 {main}
REQUEST_URI=/all2sale-admin/index.php?r=member/index
HTTP_REFERER=http://localhost:8888/all2sale-admin/index.php?r=admin/index
---
2015/06/20 15:58:40 [error] [exception.CException] exception 'CException' with message 'AdminController has an extra endWidget(CContentDecorator) call in its view.' in C:\xampp\htdocs\yii-1-16\framework\web\CBaseController.php:218
Stack trace:
#0 C:\xampp\htdocs\yii-1-16\framework\web\CBaseController.php(308): CBaseController->endWidget('CContentDecorat...')
#1 C:\xampp\htdocs\all2sale-admin\protected\views\layouts\column2.php(20): CBaseController->endContent()
#2 C:\xampp\htdocs\yii-1-16\framework\web\CBaseController.php(126): require('C:\\xampp\\htdocs...')
#3 C:\xampp\htdocs\yii-1-16\framework\web\CBaseController.php(95): CBaseController->renderInternal('C:\\xampp\\htdocs...', Array, true)
#4 C:\xampp\htdocs\yii-1-16\framework\web\CController.php(784): CBaseController->renderFile('C:\\xampp\\htdocs...', Array, true)
#5 C:\xampp\htdocs\all2sale-admin\protected\controllers\AdminController.php(128): CController->render('index', Array)
#6 C:\xampp\htdocs\yii-1-16\framework\web\actions\CInlineAction.php(49): AdminController->actionIndex()
#7 C:\xampp\htdocs\yii-1-16\framework\web\CController.php(308): CInlineAction->runWithParams(Array)
#8 C:\xampp\htdocs\yii-1-16\framework\web\filters\CFilterChain.php(133): CController->runAction(Object(CInlineAction))
#9 C:\xampp\htdocs\yii-1-16\framework\web\filters\CFilter.php(40): CFilterChain->run()
#10 C:\xampp\htdocs\yii-1-16\framework\web\CController.php(1145): CFilter->filter(Object(CFilterChain))
#11 C:\xampp\htdocs\yii-1-16\framework\web\filters\CInlineFilter.php(58): CController->filterAccessControl(Object(CFilterChain))
#12 C:\xampp\htdocs\yii-1-16\framework\web\filters\CFilterChain.php(130): CInlineFilter->filter(Object(CFilterChain))
#13 C:\xampp\htdocs\yii-1-16\framework\web\CController.php(291): CFilterChain->run()
#14 C:\xampp\htdocs\yii-1-16\framework\web\CController.php(265): CController->runActionWithFilters(Object(CInlineAction), Array)
#15 C:\xampp\htdocs\yii-1-16\framework\web\CWebApplication.php(282): CController->run('index')
#16 C:\xampp\htdocs\yii-1-16\framework\web\CWebApplication.php(141): CWebApplication->runController('admin/index')
#17 C:\xampp\htdocs\yii-1-16\framework\base\CApplication.php(184): CWebApplication->processRequest()
#18 C:\xampp\htdocs\all2sale-admin\index.php(13): CApplication->run()
#19 {main}
REQUEST_URI=/all2sale-admin/index.php?r=admin/index
HTTP_REFERER=http://localhost:8888/all2sale-admin/index.php?r=admin/admin
---
2015/06/20 15:59:29 [error] [exception.CHttpException.404] exception 'CHttpException' with message 'Unable to resolve the request "home/logout".' in C:\xampp\htdocs\yii-1-16\framework\web\CWebApplication.php:286
Stack trace:
#0 C:\xampp\htdocs\yii-1-16\framework\web\CWebApplication.php(141): CWebApplication->runController('home/logout')
#1 C:\xampp\htdocs\yii-1-16\framework\base\CApplication.php(184): CWebApplication->processRequest()
#2 C:\xampp\htdocs\all2sale-admin\index.php(13): CApplication->run()
#3 {main}
REQUEST_URI=/all2sale-admin/index.php?r=home/logout&id=admin
HTTP_REFERER=http://localhost:8888/all2sale-admin/index.php?r=admin/index
---
2015/06/20 16:01:05 [error] [exception.CException] exception 'CException' with message 'AdminController has an extra endWidget(CContentDecorator) call in its view.' in C:\xampp\htdocs\yii-1-16\framework\web\CBaseController.php:218
Stack trace:
#0 C:\xampp\htdocs\yii-1-16\framework\web\CBaseController.php(308): CBaseController->endWidget('CContentDecorat...')
#1 C:\xampp\htdocs\all2sale-admin\protected\views\layouts\column2.php(20): CBaseController->endContent()
#2 C:\xampp\htdocs\yii-1-16\framework\web\CBaseController.php(126): require('C:\\xampp\\htdocs...')
#3 C:\xampp\htdocs\yii-1-16\framework\web\CBaseController.php(95): CBaseController->renderInternal('C:\\xampp\\htdocs...', Array, true)
#4 C:\xampp\htdocs\yii-1-16\framework\web\CController.php(784): CBaseController->renderFile('C:\\xampp\\htdocs...', Array, true)
#5 C:\xampp\htdocs\all2sale-admin\protected\controllers\AdminController.php(128): CController->render('index', Array)
#6 C:\xampp\htdocs\yii-1-16\framework\web\actions\CInlineAction.php(49): AdminController->actionIndex()
#7 C:\xampp\htdocs\yii-1-16\framework\web\CController.php(308): CInlineAction->runWithParams(Array)
#8 C:\xampp\htdocs\yii-1-16\framework\web\filters\CFilterChain.php(133): CController->runAction(Object(CInlineAction))
#9 C:\xampp\htdocs\yii-1-16\framework\web\filters\CFilter.php(40): CFilterChain->run()
#10 C:\xampp\htdocs\yii-1-16\framework\web\CController.php(1145): CFilter->filter(Object(CFilterChain))
#11 C:\xampp\htdocs\yii-1-16\framework\web\filters\CInlineFilter.php(58): CController->filterAccessControl(Object(CFilterChain))
#12 C:\xampp\htdocs\yii-1-16\framework\web\filters\CFilterChain.php(130): CInlineFilter->filter(Object(CFilterChain))
#13 C:\xampp\htdocs\yii-1-16\framework\web\CController.php(291): CFilterChain->run()
#14 C:\xampp\htdocs\yii-1-16\framework\web\CController.php(265): CController->runActionWithFilters(Object(CInlineAction), Array)
#15 C:\xampp\htdocs\yii-1-16\framework\web\CWebApplication.php(282): CController->run('index')
#16 C:\xampp\htdocs\yii-1-16\framework\web\CWebApplication.php(141): CWebApplication->runController('admin/index')
#17 C:\xampp\htdocs\yii-1-16\framework\base\CApplication.php(184): CWebApplication->processRequest()
#18 C:\xampp\htdocs\all2sale-admin\index.php(13): CApplication->run()
#19 {main}
REQUEST_URI=/all2sale-admin/index.php?r=admin/index
HTTP_REFERER=http://localhost:8888/all2sale-admin/index.php?r=home/logout&id=admin
---
2015/06/20 16:01:31 [error] [exception.CException] exception 'CException' with message 'AdminController has an extra endWidget(CContentDecorator) call in its view.' in C:\xampp\htdocs\yii-1-16\framework\web\CBaseController.php:218
Stack trace:
#0 C:\xampp\htdocs\yii-1-16\framework\web\CBaseController.php(308): CBaseController->endWidget('CContentDecorat...')
#1 C:\xampp\htdocs\all2sale-admin\protected\views\layouts\column2.php(22): CBaseController->endContent()
#2 C:\xampp\htdocs\yii-1-16\framework\web\CBaseController.php(126): require('C:\\xampp\\htdocs...')
#3 C:\xampp\htdocs\yii-1-16\framework\web\CBaseController.php(95): CBaseController->renderInternal('C:\\xampp\\htdocs...', Array, true)
#4 C:\xampp\htdocs\yii-1-16\framework\web\CController.php(784): CBaseController->renderFile('C:\\xampp\\htdocs...', Array, true)
#5 C:\xampp\htdocs\all2sale-admin\protected\controllers\AdminController.php(128): CController->render('index', Array)
#6 C:\xampp\htdocs\yii-1-16\framework\web\actions\CInlineAction.php(49): AdminController->actionIndex()
#7 C:\xampp\htdocs\yii-1-16\framework\web\CController.php(308): CInlineAction->runWithParams(Array)
#8 C:\xampp\htdocs\yii-1-16\framework\web\filters\CFilterChain.php(133): CController->runAction(Object(CInlineAction))
#9 C:\xampp\htdocs\yii-1-16\framework\web\filters\CFilter.php(40): CFilterChain->run()
#10 C:\xampp\htdocs\yii-1-16\framework\web\CController.php(1145): CFilter->filter(Object(CFilterChain))
#11 C:\xampp\htdocs\yii-1-16\framework\web\filters\CInlineFilter.php(58): CController->filterAccessControl(Object(CFilterChain))
#12 C:\xampp\htdocs\yii-1-16\framework\web\filters\CFilterChain.php(130): CInlineFilter->filter(Object(CFilterChain))
#13 C:\xampp\htdocs\yii-1-16\framework\web\CController.php(291): CFilterChain->run()
#14 C:\xampp\htdocs\yii-1-16\framework\web\CController.php(265): CController->runActionWithFilters(Object(CInlineAction), Array)
#15 C:\xampp\htdocs\yii-1-16\framework\web\CWebApplication.php(282): CController->run('index')
#16 C:\xampp\htdocs\yii-1-16\framework\web\CWebApplication.php(141): CWebApplication->runController('admin/index')
#17 C:\xampp\htdocs\yii-1-16\framework\base\CApplication.php(184): CWebApplication->processRequest()
#18 C:\xampp\htdocs\all2sale-admin\index.php(13): CApplication->run()
#19 {main}
REQUEST_URI=/all2sale-admin/index.php?r=admin/index
HTTP_REFERER=http://localhost:8888/all2sale-admin/index.php?r=home/logout&id=admin
---
2015/06/20 16:02:27 [error] [exception.CException] exception 'CException' with message 'Property "CWebApplication.Title" is not defined.' in C:\xampp\htdocs\yii-1-16\framework\base\CComponent.php:130
Stack trace:
#0 C:\xampp\htdocs\yii-1-16\framework\base\CModule.php(105): CComponent->__get('Title')
#1 C:\xampp\htdocs\all2sale-admin\protected\views\layouts\column2.php(7): CModule->__get('Title')
#2 C:\xampp\htdocs\yii-1-16\framework\web\CBaseController.php(126): require('C:\\xampp\\htdocs...')
#3 C:\xampp\htdocs\yii-1-16\framework\web\CBaseController.php(95): CBaseController->renderInternal('C:\\xampp\\htdocs...', Array, true)
#4 C:\xampp\htdocs\yii-1-16\framework\web\CController.php(784): CBaseController->renderFile('C:\\xampp\\htdocs...', Array, true)
#5 C:\xampp\htdocs\all2sale-admin\protected\controllers\AdminController.php(128): CController->render('index', Array)
#6 C:\xampp\htdocs\yii-1-16\framework\web\actions\CInlineAction.php(49): AdminController->actionIndex()
#7 C:\xampp\htdocs\yii-1-16\framework\web\CController.php(308): CInlineAction->runWithParams(Array)
#8 C:\xampp\htdocs\yii-1-16\framework\web\filters\CFilterChain.php(133): CController->runAction(Object(CInlineAction))
#9 C:\xampp\htdocs\yii-1-16\framework\web\filters\CFilter.php(40): CFilterChain->run()
#10 C:\xampp\htdocs\yii-1-16\framework\web\CController.php(1145): CFilter->filter(Object(CFilterChain))
#11 C:\xampp\htdocs\yii-1-16\framework\web\filters\CInlineFilter.php(58): CController->filterAccessControl(Object(CFilterChain))
#12 C:\xampp\htdocs\yii-1-16\framework\web\filters\CFilterChain.php(130): CInlineFilter->filter(Object(CFilterChain))
#13 C:\xampp\htdocs\yii-1-16\framework\web\CController.php(291): CFilterChain->run()
#14 C:\xampp\htdocs\yii-1-16\framework\web\CController.php(265): CController->runActionWithFilters(Object(CInlineAction), Array)
#15 C:\xampp\htdocs\yii-1-16\framework\web\CWebApplication.php(282): CController->run('index')
#16 C:\xampp\htdocs\yii-1-16\framework\web\CWebApplication.php(141): CWebApplication->runController('admin/index')
#17 C:\xampp\htdocs\yii-1-16\framework\base\CApplication.php(184): CWebApplication->processRequest()
#18 C:\xampp\htdocs\all2sale-admin\index.php(13): CApplication->run()
#19 {main}
REQUEST_URI=/all2sale-admin/index.php?r=admin/index
HTTP_REFERER=http://localhost:8888/all2sale-admin/index.php?r=home/logout&id=admin
---
2015/06/20 16:19:26 [error] [exception.CHttpException.404] exception 'CHttpException' with message 'The system is unable to find the requested action "edit".' in C:\xampp\htdocs\yii-1-16\framework\web\CController.php:483
Stack trace:
#0 C:\xampp\htdocs\yii-1-16\framework\web\CController.php(270): CController->missingAction('edit')
#1 C:\xampp\htdocs\yii-1-16\framework\web\CWebApplication.php(282): CController->run('edit')
#2 C:\xampp\htdocs\yii-1-16\framework\web\CWebApplication.php(141): CWebApplication->runController('admin/edit')
#3 C:\xampp\htdocs\yii-1-16\framework\base\CApplication.php(184): CWebApplication->processRequest()
#4 C:\xampp\htdocs\all2sale-admin\index.php(13): CApplication->run()
#5 {main}
REQUEST_URI=/all2sale-admin/index.php?r=admin/edit&id=admin
HTTP_REFERER=http://localhost:8888/all2sale-admin/index.php?r=admin/index
---
2015/06/20 16:19:54 [error] [exception.CHttpException.404] exception 'CHttpException' with message 'The system is unable to find the requested action "edit".' in C:\xampp\htdocs\yii-1-16\framework\web\CController.php:483
Stack trace:
#0 C:\xampp\htdocs\yii-1-16\framework\web\CController.php(270): CController->missingAction('edit')
#1 C:\xampp\htdocs\yii-1-16\framework\web\CWebApplication.php(282): CController->run('edit')
#2 C:\xampp\htdocs\yii-1-16\framework\web\CWebApplication.php(141): CWebApplication->runController('admin/edit')
#3 C:\xampp\htdocs\yii-1-16\framework\base\CApplication.php(184): CWebApplication->processRequest()
#4 C:\xampp\htdocs\all2sale-admin\index.php(13): CApplication->run()
#5 {main}
REQUEST_URI=/all2sale-admin/index.php?r=admin/edit&id=admin
HTTP_REFERER=http://localhost:8888/all2sale-admin/index.php?r=admin/index
---
2015/06/20 16:19:57 [error] [exception.CHttpException.404] exception 'CHttpException' with message 'The system is unable to find the requested action "edit".' in C:\xampp\htdocs\yii-1-16\framework\web\CController.php:483
Stack trace:
#0 C:\xampp\htdocs\yii-1-16\framework\web\CController.php(270): CController->missingAction('edit')
#1 C:\xampp\htdocs\yii-1-16\framework\web\CWebApplication.php(282): CController->run('edit')
#2 C:\xampp\htdocs\yii-1-16\framework\web\CWebApplication.php(141): CWebApplication->runController('admin/edit')
#3 C:\xampp\htdocs\yii-1-16\framework\base\CApplication.php(184): CWebApplication->processRequest()
#4 C:\xampp\htdocs\all2sale-admin\index.php(13): CApplication->run()
#5 {main}
REQUEST_URI=/all2sale-admin/index.php?r=admin/edit&id=1
HTTP_REFERER=http://localhost:8888/all2sale-admin/index.php?r=admin/edit&id=admin
---
2015/06/20 16:19:59 [error] [exception.CHttpException.404] exception 'CHttpException' with message 'Unable to resolve the request "member/index".' in C:\xampp\htdocs\yii-1-16\framework\web\CWebApplication.php:286
Stack trace:
#0 C:\xampp\htdocs\yii-1-16\framework\web\CWebApplication.php(141): CWebApplication->runController('member/index')
#1 C:\xampp\htdocs\yii-1-16\framework\base\CApplication.php(184): CWebApplication->processRequest()
#2 C:\xampp\htdocs\all2sale-admin\index.php(13): CApplication->run()
#3 {main}
REQUEST_URI=/all2sale-admin/index.php?r=member/index
HTTP_REFERER=http://localhost:8888/all2sale-admin/index.php?r=admin/edit&id=1
---
2015/06/20 16:30:24 [error] [exception.CException] exception 'CException' with message 'Property "CDataColumn.style" is not defined.' in C:\xampp\htdocs\yii-1-16\framework\base\CComponent.php:173
Stack trace:
#0 C:\xampp\htdocs\yii-1-16\framework\YiiBase.php(220): CComponent->__set('style', 'table table-hov...')
#1 C:\xampp\htdocs\yii-1-16\framework\zii\widgets\grid\CGridView.php(388): YiiBase::createComponent(Array, Object(CGridView))
#2 C:\xampp\htdocs\yii-1-16\framework\zii\widgets\grid\CGridView.php(359): CGridView->initColumns()
#3 C:\xampp\htdocs\yii-1-16\framework\web\CBaseController.php(147): CGridView->init()
#4 C:\xampp\htdocs\yii-1-16\framework\web\CBaseController.php(180): CBaseController->createWidget('zii.widgets.gri...', Array)
#5 C:\xampp\htdocs\all2sale-admin\protected\views\admin\admin.php(58): CBaseController->widget('zii.widgets.gri...', Array)
#6 C:\xampp\htdocs\yii-1-16\framework\web\CBaseController.php(126): require('C:\\xampp\\htdocs...')
#7 C:\xampp\htdocs\yii-1-16\framework\web\CBaseController.php(95): CBaseController->renderInternal('C:\\xampp\\htdocs...', Array, true)
#8 C:\xampp\htdocs\yii-1-16\framework\web\CController.php(869): CBaseController->renderFile('C:\\xampp\\htdocs...', Array, true)
#9 C:\xampp\htdocs\yii-1-16\framework\web\CController.php(782): CController->renderPartial('admin', Array, true)
#10 C:\xampp\htdocs\all2sale-admin\protected\controllers\AdminController.php(143): CController->render('admin', Array)
#11 C:\xampp\htdocs\yii-1-16\framework\web\actions\CInlineAction.php(49): AdminController->actionAdmin()
#12 C:\xampp\htdocs\yii-1-16\framework\web\CController.php(308): CInlineAction->runWithParams(Array)
#13 C:\xampp\htdocs\yii-1-16\framework\web\filters\CFilterChain.php(133): CController->runAction(Object(CInlineAction))
#14 C:\xampp\htdocs\yii-1-16\framework\web\filters\CFilter.php(40): CFilterChain->run()
#15 C:\xampp\htdocs\yii-1-16\framework\web\CController.php(1145): CFilter->filter(Object(CFilterChain))
#16 C:\xampp\htdocs\yii-1-16\framework\web\filters\CInlineFilter.php(58): CController->filterAccessControl(Object(CFilterChain))
#17 C:\xampp\htdocs\yii-1-16\framework\web\filters\CFilterChain.php(130): CInlineFilter->filter(Object(CFilterChain))
#18 C:\xampp\htdocs\yii-1-16\framework\web\CController.php(291): CFilterChain->run()
#19 C:\xampp\htdocs\yii-1-16\framework\web\CController.php(265): CController->runActionWithFilters(Object(CInlineAction), Array)
#20 C:\xampp\htdocs\yii-1-16\framework\web\CWebApplication.php(282): CController->run('admin')
#21 C:\xampp\htdocs\yii-1-16\framework\web\CWebApplication.php(141): CWebApplication->runController('admin/admin')
#22 C:\xampp\htdocs\yii-1-16\framework\base\CApplication.php(184): CWebApplication->processRequest()
#23 C:\xampp\htdocs\all2sale-admin\index.php(13): CApplication->run()
#24 {main}
REQUEST_URI=/all2sale-admin/index.php?r=admin/admin
HTTP_REFERER=http://localhost:8888/all2sale-admin/index.php?r=admin/index&id=1
---
2015/06/20 16:40:36 [error] [exception.CException] exception 'CException' with message 'Property "CActiveForm.0" is not defined.' in C:\xampp\htdocs\yii-1-16\framework\base\CComponent.php:173
Stack trace:
#0 C:\xampp\htdocs\yii-1-16\framework\web\CWidgetFactory.php(161): CComponent->__set('0', Array)
#1 C:\xampp\htdocs\yii-1-16\framework\web\CBaseController.php(146): CWidgetFactory->createWidget(Object(AdminController), 'CActiveForm', Array)
#2 C:\xampp\htdocs\yii-1-16\framework\web\CBaseController.php(197): CBaseController->createWidget('CActiveForm', Array)
#3 C:\xampp\htdocs\all2sale-admin\protected\views\admin\_search.php(12): CBaseController->beginWidget('CActiveForm', Array)
#4 C:\xampp\htdocs\yii-1-16\framework\web\CBaseController.php(126): require('C:\\xampp\\htdocs...')
#5 C:\xampp\htdocs\yii-1-16\framework\web\CBaseController.php(95): CBaseController->renderInternal('C:\\xampp\\htdocs...', Array, true)
#6 C:\xampp\htdocs\yii-1-16\framework\web\CController.php(869): CBaseController->renderFile('C:\\xampp\\htdocs...', Array, true)
#7 C:\xampp\htdocs\all2sale-admin\protected\views\admin\admin.php(40): CController->renderPartial('_search', Array)
#8 C:\xampp\htdocs\yii-1-16\framework\web\CBaseController.php(126): require('C:\\xampp\\htdocs...')
#9 C:\xampp\htdocs\yii-1-16\framework\web\CBaseController.php(95): CBaseController->renderInternal('C:\\xampp\\htdocs...', Array, true)
#10 C:\xampp\htdocs\yii-1-16\framework\web\CController.php(869): CBaseController->renderFile('C:\\xampp\\htdocs...', Array, true)
#11 C:\xampp\htdocs\yii-1-16\framework\web\CController.php(782): CController->renderPartial('admin', Array, true)
#12 C:\xampp\htdocs\all2sale-admin\protected\controllers\AdminController.php(143): CController->render('admin', Array)
#13 C:\xampp\htdocs\yii-1-16\framework\web\actions\CInlineAction.php(49): AdminController->actionAdmin()
#14 C:\xampp\htdocs\yii-1-16\framework\web\CController.php(308): CInlineAction->runWithParams(Array)
#15 C:\xampp\htdocs\yii-1-16\framework\web\filters\CFilterChain.php(133): CController->runAction(Object(CInlineAction))
#16 C:\xampp\htdocs\yii-1-16\framework\web\filters\CFilter.php(40): CFilterChain->run()
#17 C:\xampp\htdocs\yii-1-16\framework\web\CController.php(1145): CFilter->filter(Object(CFilterChain))
#18 C:\xampp\htdocs\yii-1-16\framework\web\filters\CInlineFilter.php(58): CController->filterAccessControl(Object(CFilterChain))
#19 C:\xampp\htdocs\yii-1-16\framework\web\filters\CFilterChain.php(130): CInlineFilter->filter(Object(CFilterChain))
#20 C:\xampp\htdocs\yii-1-16\framework\web\CController.php(291): CFilterChain->run()
#21 C:\xampp\htdocs\yii-1-16\framework\web\CController.php(265): CController->runActionWithFilters(Object(CInlineAction), Array)
#22 C:\xampp\htdocs\yii-1-16\framework\web\CWebApplication.php(282): CController->run('admin')
#23 C:\xampp\htdocs\yii-1-16\framework\web\CWebApplication.php(141): CWebApplication->runController('admin/admin')
#24 C:\xampp\htdocs\yii-1-16\framework\base\CApplication.php(184): CWebApplication->processRequest()
#25 C:\xampp\htdocs\all2sale-admin\index.php(13): CApplication->run()
#26 {main}
REQUEST_URI=/all2sale-admin/index.php?r=admin/admin
HTTP_REFERER=http://localhost:8888/all2sale-admin/index.php?r=admin/index&id=1
---
2015/06/20 16:44:10 [error] [exception.CHttpException.404] exception 'CHttpException' with message 'Unable to resolve the request "member/index".' in C:\xampp\htdocs\yii-1-16\framework\web\CWebApplication.php:286
Stack trace:
#0 C:\xampp\htdocs\yii-1-16\framework\web\CWebApplication.php(141): CWebApplication->runController('member/index')
#1 C:\xampp\htdocs\yii-1-16\framework\base\CApplication.php(184): CWebApplication->processRequest()
#2 C:\xampp\htdocs\all2sale-admin\index.php(13): CApplication->run()
#3 {main}
REQUEST_URI=/all2sale-admin/index.php?r=member/index
HTTP_REFERER=http://localhost:8888/all2sale-admin/index.php?r=admin/admin
---
2015/06/20 16:44:11 [error] [exception.CHttpException.404] exception 'CHttpException' with message 'Unable to resolve the request "shop/index".' in C:\xampp\htdocs\yii-1-16\framework\web\CWebApplication.php:286
Stack trace:
#0 C:\xampp\htdocs\yii-1-16\framework\web\CWebApplication.php(141): CWebApplication->runController('shop/index')
#1 C:\xampp\htdocs\yii-1-16\framework\base\CApplication.php(184): CWebApplication->processRequest()
#2 C:\xampp\htdocs\all2sale-admin\index.php(13): CApplication->run()
#3 {main}
REQUEST_URI=/all2sale-admin/index.php?r=shop/index
HTTP_REFERER=http://localhost:8888/all2sale-admin/index.php?r=member/index
---
2015/06/20 16:44:11 [error] [exception.CHttpException.404] exception 'CHttpException' with message 'Unable to resolve the request "cat/index".' in C:\xampp\htdocs\yii-1-16\framework\web\CWebApplication.php:286
Stack trace:
#0 C:\xampp\htdocs\yii-1-16\framework\web\CWebApplication.php(141): CWebApplication->runController('cat/index')
#1 C:\xampp\htdocs\yii-1-16\framework\base\CApplication.php(184): CWebApplication->processRequest()
#2 C:\xampp\htdocs\all2sale-admin\index.php(13): CApplication->run()
#3 {main}
REQUEST_URI=/all2sale-admin/index.php?r=cat/index
HTTP_REFERER=http://localhost:8888/all2sale-admin/index.php?r=shop/index
---
2015/06/20 16:48:33 [error] [php] Array to string conversion (C:\xampp\htdocs\yii-1-16\framework\web\helpers\CHtml.php:2216)
Stack trace:
#0 C:\xampp\htdocs\yii-1-16\framework\web\CBaseController.php(126): require()
#1 C:\xampp\htdocs\yii-1-16\framework\web\CBaseController.php(95): AdminController->renderInternal()
#2 C:\xampp\htdocs\yii-1-16\framework\web\CController.php(869): AdminController->renderFile()
#3 C:\xampp\htdocs\all2sale-admin\protected\views\admin\create.php(18): AdminController->renderPartial()
#4 C:\xampp\htdocs\yii-1-16\framework\web\CBaseController.php(126): require()
#5 C:\xampp\htdocs\yii-1-16\framework\web\CBaseController.php(95): AdminController->renderInternal()
#6 C:\xampp\htdocs\yii-1-16\framework\web\CController.php(869): AdminController->renderFile()
#7 C:\xampp\htdocs\yii-1-16\framework\web\CController.php(782): AdminController->renderPartial()
#8 C:\xampp\htdocs\all2sale-admin\protected\controllers\AdminController.php(79): AdminController->render()
#9 C:\xampp\htdocs\yii-1-16\framework\web\actions\CInlineAction.php(49): AdminController->actionCreate()
#10 C:\xampp\htdocs\yii-1-16\framework\web\CController.php(308): CInlineAction->runWithParams()
#11 C:\xampp\htdocs\yii-1-16\framework\web\filters\CFilterChain.php(133): AdminController->runAction()
#12 C:\xampp\htdocs\yii-1-16\framework\web\filters\CFilter.php(40): CFilterChain->run()
#13 C:\xampp\htdocs\yii-1-16\framework\web\CController.php(1145): CAccessControlFilter->filter()
#14 C:\xampp\htdocs\yii-1-16\framework\web\filters\CInlineFilter.php(58): AdminController->filterAccessControl()
#15 C:\xampp\htdocs\yii-1-16\framework\web\filters\CFilterChain.php(130): CInlineFilter->filter()
#16 C:\xampp\htdocs\yii-1-16\framework\web\CController.php(291): CFilterChain->run()
#17 C:\xampp\htdocs\yii-1-16\framework\web\CController.php(265): AdminController->runActionWithFilters()
#18 C:\xampp\htdocs\yii-1-16\framework\web\CWebApplication.php(282): AdminController->run()
#19 C:\xampp\htdocs\yii-1-16\framework\web\CWebApplication.php(141): CWebApplication->runController()
#20 C:\xampp\htdocs\yii-1-16\framework\base\CApplication.php(184): CWebApplication->processRequest()
#21 C:\xampp\htdocs\all2sale-admin\index.php(13): CWebApplication->run()
REQUEST_URI=/all2sale-admin/index.php?r=admin/create
in C:\xampp\htdocs\all2sale-admin\protected\views\admin\_form.php (20)
in C:\xampp\htdocs\all2sale-admin\protected\views\admin\create.php (18)
in C:\xampp\htdocs\all2sale-admin\protected\controllers\AdminController.php (79)
2015/06/20 16:48:37 [error] [php] Array to string conversion (C:\xampp\htdocs\yii-1-16\framework\web\helpers\CHtml.php:2216)
Stack trace:
#0 C:\xampp\htdocs\yii-1-16\framework\web\CBaseController.php(126): require()
#1 C:\xampp\htdocs\yii-1-16\framework\web\CBaseController.php(95): AdminController->renderInternal()
#2 C:\xampp\htdocs\yii-1-16\framework\web\CController.php(869): AdminController->renderFile()
#3 C:\xampp\htdocs\all2sale-admin\protected\views\admin\create.php(18): AdminController->renderPartial()
#4 C:\xampp\htdocs\yii-1-16\framework\web\CBaseController.php(126): require()
#5 C:\xampp\htdocs\yii-1-16\framework\web\CBaseController.php(95): AdminController->renderInternal()
#6 C:\xampp\htdocs\yii-1-16\framework\web\CController.php(869): AdminController->renderFile()
#7 C:\xampp\htdocs\yii-1-16\framework\web\CController.php(782): AdminController->renderPartial()
#8 C:\xampp\htdocs\all2sale-admin\protected\controllers\AdminController.php(79): AdminController->render()
#9 C:\xampp\htdocs\yii-1-16\framework\web\actions\CInlineAction.php(49): AdminController->actionCreate()
#10 C:\xampp\htdocs\yii-1-16\framework\web\CController.php(308): CInlineAction->runWithParams()
#11 C:\xampp\htdocs\yii-1-16\framework\web\filters\CFilterChain.php(133): AdminController->runAction()
#12 C:\xampp\htdocs\yii-1-16\framework\web\filters\CFilter.php(40): CFilterChain->run()
#13 C:\xampp\htdocs\yii-1-16\framework\web\CController.php(1145): CAccessControlFilter->filter()
#14 C:\xampp\htdocs\yii-1-16\framework\web\filters\CInlineFilter.php(58): AdminController->filterAccessControl()
#15 C:\xampp\htdocs\yii-1-16\framework\web\filters\CFilterChain.php(130): CInlineFilter->filter()
#16 C:\xampp\htdocs\yii-1-16\framework\web\CController.php(291): CFilterChain->run()
#17 C:\xampp\htdocs\yii-1-16\framework\web\CController.php(265): AdminController->runActionWithFilters()
#18 C:\xampp\htdocs\yii-1-16\framework\web\CWebApplication.php(282): AdminController->run()
#19 C:\xampp\htdocs\yii-1-16\framework\web\CWebApplication.php(141): CWebApplication->runController()
#20 C:\xampp\htdocs\yii-1-16\framework\base\CApplication.php(184): CWebApplication->processRequest()
#21 C:\xampp\htdocs\all2sale-admin\index.php(13): CWebApplication->run()
REQUEST_URI=/all2sale-admin/index.php?r=admin/create
in C:\xampp\htdocs\all2sale-admin\protected\views\admin\_form.php (20)
in C:\xampp\htdocs\all2sale-admin\protected\views\admin\create.php (18)
in C:\xampp\htdocs\all2sale-admin\protected\controllers\AdminController.php (79)
2015/06/20 16:48:51 [error] [php] Array to string conversion (C:\xampp\htdocs\yii-1-16\framework\web\helpers\CHtml.php:2216)
Stack trace:
#0 C:\xampp\htdocs\yii-1-16\framework\web\CBaseController.php(126): require()
#1 C:\xampp\htdocs\yii-1-16\framework\web\CBaseController.php(95): AdminController->renderInternal()
#2 C:\xampp\htdocs\yii-1-16\framework\web\CController.php(869): AdminController->renderFile()
#3 C:\xampp\htdocs\all2sale-admin\protected\views\admin\create.php(18): AdminController->renderPartial()
#4 C:\xampp\htdocs\yii-1-16\framework\web\CBaseController.php(126): require()
#5 C:\xampp\htdocs\yii-1-16\framework\web\CBaseController.php(95): AdminController->renderInternal()
#6 C:\xampp\htdocs\yii-1-16\framework\web\CController.php(869): AdminController->renderFile()
#7 C:\xampp\htdocs\yii-1-16\framework\web\CController.php(782): AdminController->renderPartial()
#8 C:\xampp\htdocs\all2sale-admin\protected\controllers\AdminController.php(79): AdminController->render()
#9 C:\xampp\htdocs\yii-1-16\framework\web\actions\CInlineAction.php(49): AdminController->actionCreate()
#10 C:\xampp\htdocs\yii-1-16\framework\web\CController.php(308): CInlineAction->runWithParams()
#11 C:\xampp\htdocs\yii-1-16\framework\web\filters\CFilterChain.php(133): AdminController->runAction()
#12 C:\xampp\htdocs\yii-1-16\framework\web\filters\CFilter.php(40): CFilterChain->run()
#13 C:\xampp\htdocs\yii-1-16\framework\web\CController.php(1145): CAccessControlFilter->filter()
#14 C:\xampp\htdocs\yii-1-16\framework\web\filters\CInlineFilter.php(58): AdminController->filterAccessControl()
#15 C:\xampp\htdocs\yii-1-16\framework\web\filters\CFilterChain.php(130): CInlineFilter->filter()
#16 C:\xampp\htdocs\yii-1-16\framework\web\CController.php(291): CFilterChain->run()
#17 C:\xampp\htdocs\yii-1-16\framework\web\CController.php(265): AdminController->runActionWithFilters()
#18 C:\xampp\htdocs\yii-1-16\framework\web\CWebApplication.php(282): AdminController->run()
#19 C:\xampp\htdocs\yii-1-16\framework\web\CWebApplication.php(141): CWebApplication->runController()
#20 C:\xampp\htdocs\yii-1-16\framework\base\CApplication.php(184): CWebApplication->processRequest()
#21 C:\xampp\htdocs\all2sale-admin\index.php(13): CWebApplication->run()
REQUEST_URI=/all2sale-admin/index.php?r=admin/create
in C:\xampp\htdocs\all2sale-admin\protected\views\admin\_form.php (20)
in C:\xampp\htdocs\all2sale-admin\protected\views\admin\create.php (18)
in C:\xampp\htdocs\all2sale-admin\protected\controllers\AdminController.php (79)
2015/06/20 16:49:55 [error] [php] Array to string conversion (C:\xampp\htdocs\yii-1-16\framework\web\helpers\CHtml.php:2216)
Stack trace:
#0 C:\xampp\htdocs\yii-1-16\framework\web\CBaseController.php(126): require()
#1 C:\xampp\htdocs\yii-1-16\framework\web\CBaseController.php(95): AdminController->renderInternal()
#2 C:\xampp\htdocs\yii-1-16\framework\web\CController.php(869): AdminController->renderFile()
#3 C:\xampp\htdocs\all2sale-admin\protected\views\admin\create.php(18): AdminController->renderPartial()
#4 C:\xampp\htdocs\yii-1-16\framework\web\CBaseController.php(126): require()
#5 C:\xampp\htdocs\yii-1-16\framework\web\CBaseController.php(95): AdminController->renderInternal()
#6 C:\xampp\htdocs\yii-1-16\framework\web\CController.php(869): AdminController->renderFile()
#7 C:\xampp\htdocs\yii-1-16\framework\web\CController.php(782): AdminController->renderPartial()
#8 C:\xampp\htdocs\all2sale-admin\protected\controllers\AdminController.php(79): AdminController->render()
#9 C:\xampp\htdocs\yii-1-16\framework\web\actions\CInlineAction.php(49): AdminController->actionCreate()
#10 C:\xampp\htdocs\yii-1-16\framework\web\CController.php(308): CInlineAction->runWithParams()
#11 C:\xampp\htdocs\yii-1-16\framework\web\filters\CFilterChain.php(133): AdminController->runAction()
#12 C:\xampp\htdocs\yii-1-16\framework\web\filters\CFilter.php(40): CFilterChain->run()
#13 C:\xampp\htdocs\yii-1-16\framework\web\CController.php(1145): CAccessControlFilter->filter()
#14 C:\xampp\htdocs\yii-1-16\framework\web\filters\CInlineFilter.php(58): AdminController->filterAccessControl()
#15 C:\xampp\htdocs\yii-1-16\framework\web\filters\CFilterChain.php(130): CInlineFilter->filter()
#16 C:\xampp\htdocs\yii-1-16\framework\web\CController.php(291): CFilterChain->run()
#17 C:\xampp\htdocs\yii-1-16\framework\web\CController.php(265): AdminController->runActionWithFilters()
#18 C:\xampp\htdocs\yii-1-16\framework\web\CWebApplication.php(282): AdminController->run()
#19 C:\xampp\htdocs\yii-1-16\framework\web\CWebApplication.php(141): CWebApplication->runController()
#20 C:\xampp\htdocs\yii-1-16\framework\base\CApplication.php(184): CWebApplication->processRequest()
#21 C:\xampp\htdocs\all2sale-admin\index.php(13): CWebApplication->run()
REQUEST_URI=/all2sale-admin/index.php?r=admin/create
in C:\xampp\htdocs\all2sale-admin\protected\views\admin\_form.php (20)
in C:\xampp\htdocs\all2sale-admin\protected\views\admin\create.php (18)
in C:\xampp\htdocs\all2sale-admin\protected\controllers\AdminController.php (79)
2015/06/20 16:55:51 [error] [php] htmlspecialchars() expects parameter 1 to be string, array given (C:\xampp\htdocs\yii-1-16\framework\web\helpers\CHtml.php:108)
Stack trace:
#0 C:\xampp\htdocs\yii-1-16\framework\web\helpers\CHtml.php(163): renderAttributes()
#1 C:\xampp\htdocs\yii-1-16\framework\web\helpers\CHtml.php(2454): tag()
#2 C:\xampp\htdocs\yii-1-16\framework\web\helpers\CHtml.php(1533): activeInputField()
#3 C:\xampp\htdocs\yii-1-16\framework\web\widgets\CActiveForm.php(792): activeTextField()
#4 C:\xampp\htdocs\all2sale-admin\protected\views\admin\_form.php(27): CActiveForm->textField()
#5 C:\xampp\htdocs\yii-1-16\framework\web\CBaseController.php(126): require()
#6 C:\xampp\htdocs\yii-1-16\framework\web\CBaseController.php(95): AdminController->renderInternal()
#7 C:\xampp\htdocs\yii-1-16\framework\web\CController.php(869): AdminController->renderFile()
#8 C:\xampp\htdocs\all2sale-admin\protected\views\admin\create.php(18): AdminController->renderPartial()
#9 C:\xampp\htdocs\yii-1-16\framework\web\CBaseController.php(126): require()
#10 C:\xampp\htdocs\yii-1-16\framework\web\CBaseController.php(95): AdminController->renderInternal()
#11 C:\xampp\htdocs\yii-1-16\framework\web\CController.php(869): AdminController->renderFile()
#12 C:\xampp\htdocs\yii-1-16\framework\web\CController.php(782): AdminController->renderPartial()
#13 C:\xampp\htdocs\all2sale-admin\protected\controllers\AdminController.php(79): AdminController->render()
#14 C:\xampp\htdocs\yii-1-16\framework\web\actions\CInlineAction.php(49): AdminController->actionCreate()
#15 C:\xampp\htdocs\yii-1-16\framework\web\CController.php(308): CInlineAction->runWithParams()
#16 C:\xampp\htdocs\yii-1-16\framework\web\filters\CFilterChain.php(133): AdminController->runAction()
#17 C:\xampp\htdocs\yii-1-16\framework\web\filters\CFilter.php(40): CFilterChain->run()
#18 C:\xampp\htdocs\yii-1-16\framework\web\CController.php(1145): CAccessControlFilter->filter()
#19 C:\xampp\htdocs\yii-1-16\framework\web\filters\CInlineFilter.php(58): AdminController->filterAccessControl()
#20 C:\xampp\htdocs\yii-1-16\framework\web\filters\CFilterChain.php(130): CInlineFilter->filter()
#21 C:\xampp\htdocs\yii-1-16\framework\web\CController.php(291): CFilterChain->run()
#22 C:\xampp\htdocs\yii-1-16\framework\web\CController.php(265): AdminController->runActionWithFilters()
#23 C:\xampp\htdocs\yii-1-16\framework\web\CWebApplication.php(282): AdminController->run()
#24 C:\xampp\htdocs\yii-1-16\framework\web\CWebApplication.php(141): CWebApplication->runController()
#25 C:\xampp\htdocs\yii-1-16\framework\base\CApplication.php(184): CWebApplication->processRequest()
#26 C:\xampp\htdocs\all2sale-admin\index.php(13): CWebApplication->run()
REQUEST_URI=/all2sale-admin/index.php?r=admin/create
in C:\xampp\htdocs\all2sale-admin\protected\views\admin\_form.php (27)
in C:\xampp\htdocs\all2sale-admin\protected\views\admin\create.php (18)
in C:\xampp\htdocs\all2sale-admin\protected\controllers\AdminController.php (79)
2015/06/20 17:03:51 [error] [exception.CHttpException.404] exception 'CHttpException' with message 'Unable to resolve the request "member/index".' in C:\xampp\htdocs\yii-1-16\framework\web\CWebApplication.php:286
Stack trace:
#0 C:\xampp\htdocs\yii-1-16\framework\web\CWebApplication.php(141): CWebApplication->runController('member/index')
#1 C:\xampp\htdocs\yii-1-16\framework\base\CApplication.php(184): CWebApplication->processRequest()
#2 C:\xampp\htdocs\all2sale-admin\index.php(13): CApplication->run()
#3 {main}
REQUEST_URI=/all2sale-admin/index.php?r=member/index
HTTP_REFERER=http://localhost:8888/all2sale-admin/index.php?r=admin/index
---
2015/06/20 17:06:57 [error] [exception.CHttpException.404] exception 'CHttpException' with message 'The system is unable to find the requested action "member".' in C:\xampp\htdocs\yii-1-16\framework\web\CController.php:483
Stack trace:
#0 C:\xampp\htdocs\yii-1-16\framework\web\CController.php(270): CController->missingAction('member')
#1 C:\xampp\htdocs\yii-1-16\framework\web\CWebApplication.php(282): CController->run('member')
#2 C:\xampp\htdocs\yii-1-16\framework\web\CWebApplication.php(141): CWebApplication->runController('member/member')
#3 C:\xampp\htdocs\yii-1-16\framework\base\CApplication.php(184): CWebApplication->processRequest()
#4 C:\xampp\htdocs\all2sale-admin\index.php(13): CApplication->run()
#5 {main}
REQUEST_URI=/all2sale-admin/index.php?r=member/member
HTTP_REFERER=http://localhost:8888/all2sale-admin/index.php?r=member/index
---
2015/06/20 17:07:37 [error] [exception.CHttpException.404] exception 'CHttpException' with message 'Unable to resolve the request "shop/admin".' in C:\xampp\htdocs\yii-1-16\framework\web\CWebApplication.php:286
Stack trace:
#0 C:\xampp\htdocs\yii-1-16\framework\web\CWebApplication.php(141): CWebApplication->runController('shop/admin')
#1 C:\xampp\htdocs\yii-1-16\framework\base\CApplication.php(184): CWebApplication->processRequest()
#2 C:\xampp\htdocs\all2sale-admin\index.php(13): CApplication->run()
#3 {main}
REQUEST_URI=/all2sale-admin/index.php?r=shop/admin
HTTP_REFERER=http://localhost:8888/all2sale-admin/index.php?r=member/admin
---
2015/06/20 17:10:36 [error] [exception.CHttpException.404] exception 'CHttpException' with message 'Unable to resolve the request "cat/admin".' in C:\xampp\htdocs\yii-1-16\framework\web\CWebApplication.php:286
Stack trace:
#0 C:\xampp\htdocs\yii-1-16\framework\web\CWebApplication.php(141): CWebApplication->runController('cat/admin')
#1 C:\xampp\htdocs\yii-1-16\framework\base\CApplication.php(184): CWebApplication->processRequest()
#2 C:\xampp\htdocs\all2sale-admin\index.php(13): CApplication->run()
#3 {main}
REQUEST_URI=/all2sale-admin/index.php?r=cat/admin
HTTP_REFERER=http://localhost:8888/all2sale-admin/index.php?r=member/admin
---
2015/06/20 17:10:37 [error] [exception.CHttpException.404] exception 'CHttpException' with message 'Unable to resolve the request "shop/admin".' in C:\xampp\htdocs\yii-1-16\framework\web\CWebApplication.php:286
Stack trace:
#0 C:\xampp\htdocs\yii-1-16\framework\web\CWebApplication.php(141): CWebApplication->runController('shop/admin')
#1 C:\xampp\htdocs\yii-1-16\framework\base\CApplication.php(184): CWebApplication->processRequest()
#2 C:\xampp\htdocs\all2sale-admin\index.php(13): CApplication->run()
#3 {main}
REQUEST_URI=/all2sale-admin/index.php?r=shop/admin
HTTP_REFERER=http://localhost:8888/all2sale-admin/index.php?r=cat/admin
---
2015/06/20 17:10:39 [error] [exception.CHttpException.404] exception 'CHttpException' with message 'Unable to resolve the request "shop/admin".' in C:\xampp\htdocs\yii-1-16\framework\web\CWebApplication.php:286
Stack trace:
#0 C:\xampp\htdocs\yii-1-16\framework\web\CWebApplication.php(141): CWebApplication->runController('shop/admin')
#1 C:\xampp\htdocs\yii-1-16\framework\base\CApplication.php(184): CWebApplication->processRequest()
#2 C:\xampp\htdocs\all2sale-admin\index.php(13): CApplication->run()
#3 {main}
REQUEST_URI=/all2sale-admin/index.php?r=shop/admin
HTTP_REFERER=http://localhost:8888/all2sale-admin/index.php?r=member/admin
---
2015/06/20 17:11:35 [error] [exception.CHttpException.404] exception 'CHttpException' with message 'Unable to resolve the request "shop/admin".' in C:\xampp\htdocs\yii-1-16\framework\web\CWebApplication.php:286
Stack trace:
#0 C:\xampp\htdocs\yii-1-16\framework\web\CWebApplication.php(141): CWebApplication->runController('shop/admin')
#1 C:\xampp\htdocs\yii-1-16\framework\base\CApplication.php(184): CWebApplication->processRequest()
#2 C:\xampp\htdocs\all2sale-admin\index.php(13): CApplication->run()
#3 {main}
REQUEST_URI=/all2sale-admin/index.php?r=shop/admin
HTTP_REFERER=http://localhost:8888/all2sale-admin/index.php?r=Category/admin
---
2015/06/20 18:28:09 [error] [exception.CHttpException.404] exception 'CHttpException' with message 'Unable to resolve the request "shop/admin".' in C:\xampp\htdocs\yii-1-16\framework\web\CWebApplication.php:286
Stack trace:
#0 C:\xampp\htdocs\yii-1-16\framework\web\CWebApplication.php(141): CWebApplication->runController('shop/admin')
#1 C:\xampp\htdocs\yii-1-16\framework\base\CApplication.php(184): CWebApplication->processRequest()
#2 C:\xampp\htdocs\all2sale-admin\index.php(13): CApplication->run()
#3 {main}
REQUEST_URI=/all2sale-admin/index.php?r=shop/admin
HTTP_REFERER=http://localhost:8888/all2sale-admin/index.php?r=Category/admin
---
2015/06/20 18:28:26 [error] [exception.CHttpException.404] exception 'CHttpException' with message 'Unable to resolve the request "shop/admin".' in C:\xampp\htdocs\yii-1-16\framework\web\CWebApplication.php:286
Stack trace:
#0 C:\xampp\htdocs\yii-1-16\framework\web\CWebApplication.php(141): CWebApplication->runController('shop/admin')
#1 C:\xampp\htdocs\yii-1-16\framework\base\CApplication.php(184): CWebApplication->processRequest()
#2 C:\xampp\htdocs\all2sale-admin\index.php(13): CApplication->run()
#3 {main}
REQUEST_URI=/all2sale-admin/index.php?r=shop/admin
HTTP_REFERER=http://localhost:8888/all2sale-admin/index.php?r=Category/admin
---
